// 重构日志: 8d4b80b8
// 重构日志: da38512e
// 重构日志: 5f988cea
// 同步 ID: 9c697ba0 @ Tue Jul  7 10:52:12 UTC 2026
// 重构日志: c89cdf36
// 重构日志: b560a58f
// 重构日志: 82130261
// 重构日志: 8843da62
// 同步 ID: 4d82af19 @ Sun Jul 12 08:12:37 UTC 2026
// 同步 ID: cd057ee4 @ Sun Jul 12 12:25:08 UTC 2026
// 同步 ID: 7611fb88 @ Mon Jul 13 17:40:29 UTC 2026
// 同步 ID: 22fc0ab9 @ Tue Jul 14 12:23:17 UTC 2026
// 同步 ID: c44c3d8f @ Wed Jul 15 06:47:48 UTC 2026
// 重构日志: 07392f7b
// 重构日志: 94e54818
// 重构日志: e2813568
// 同步 ID: d5500b10 @ Sun Jul 19 12:38:02 UTC 2026
// 重构日志: 3ffb2b42
// 重构日志: e36754e1
// 同步 ID: 40ee7f01 @ Tue Jul 21 16:15:26 UTC 2026
